<?xml version="1.0" encoding="UTF-8"?>
<!-- Generated by org.testng.reporters.JUnitReportReporter -->
<testsuite skipped="1" hostname="del1-lhp-N02385" name="com.inetBanking.utilities.ExcelDataProvider" tests="1" failures="0" timestamp="01 Sep 2020 14:23:23 GMT" time="0.000" errors="0">
  <testcase name="test1" time="0.000" classname="com.inetBanking.utilities.ExcelDataProvider">
    <skipped/>
  </testcase> <!-- test1 -->
</testsuite> <!-- com.inetBanking.utilities.ExcelDataProvider -->
