<?xml version="1.0" encoding="UTF-8"?>
<!-- Generated by org.testng.reporters.JUnitReportReporter -->
<testsuite skipped="0" hostname="del1-lhp-N02385" name="com.inetBanking.testCases.TC_AddUserTest_003" tests="1" failures="0" timestamp="19 Sep 2020 01:55:45 GMT" time="40.489" errors="0">
  <testcase name="AddUserTest" time="40.489" classname="com.inetBanking.testCases.TC_AddUserTest_003"/>
</testsuite> <!-- com.inetBanking.testCases.TC_AddUserTest_003 -->
