<?xml version="1.0" encoding="UTF-8"?>
<!-- Generated by org.testng.reporters.JUnitReportReporter -->
<testsuite skipped="0" hostname="del1-lhp-N02385" name="com.inetBanking.testCases.TC_LoginDDT_002" tests="3" failures="0" timestamp="07 Oct 2020 00:59:59 GMT" time="23.294" errors="0">
  <testcase name="loginDDT" time="15.262" classname="com.inetBanking.testCases.TC_LoginDDT_002"/>
  <testcase name="loginDDT" time="4.134" classname="com.inetBanking.testCases.TC_LoginDDT_002"/>
  <testcase name="loginDDT" time="3.898" classname="com.inetBanking.testCases.TC_LoginDDT_002"/>
</testsuite> <!-- com.inetBanking.testCases.TC_LoginDDT_002 -->
