<?xml version="1.0" encoding="UTF-8"?>
<!-- Generated by org.testng.reporters.JUnitReportReporter -->
<testsuite skipped="0" hostname="del1-lhp-N02385" name="com.inetBanking.testCases.TC_LoginTest_001" tests="1" failures="0" timestamp="07 Oct 2020 00:59:59 GMT" time="15.854" errors="0">
  <testcase name="LoginTest" time="15.854" classname="com.inetBanking.testCases.TC_LoginTest_001"/>
</testsuite> <!-- com.inetBanking.testCases.TC_LoginTest_001 -->
